Base path: D:/Unity Hub/Editor/2018.3.11f1/Editor/Data
Cmd: initializeCompiler
Cmd: compileComputeKernel
  api=4 insize=14379 outsize=40293 ok=1
Cmd: compileComputeKernel
  api=4 insize=14379 outsize=48261 ok=1
Cmd: compileComputeKernel
  api=4 insize=14379 outsize=34977 ok=1
Cmd: compileComputeKernel
  api=4 insize=14379 outsize=59653 ok=1
Cmd: compileComputeKernel
  api=4 insize=14379 outsize=33821 ok=1
Cmd: compileComputeKernel
  api=4 insize=14379 outsize=39221 ok=1
Cmd: compileComputeKernel
  api=4 insize=14379 outsize=44213 ok=1
Cmd: compileComputeKernel
  api=4 insize=14379 outsize=44137 ok=1
Cmd: compileComputeKernel
  api=4 insize=14379 outsize=88821 ok=1
Cmd: compileComputeKernel
  api=4 insize=26814 outsize=15773 ok=1
Cmd: compileComputeKernel
  api=4 insize=10881 outsize=10437 ok=1
Cmd: compileComputeKernel
  api=4 insize=4845 outsize=5397 ok=1
Cmd: compileComputeKernel
  api=4 insize=18299 outsize=10469 ok=1
Cmd: compileComputeKernel
  api=4 insize=19063 outsize=15261 ok=1
Cmd: compileComputeKernel
  api=4 insize=692 outsize=573 ok=1
Cmd: compileComputeKernel
  api=4 insize=20454 outsize=95033 ok=1
Cmd: compileComputeKernel
  api=4 insize=34758 outsize=32065 ok=1
Cmd: compileComputeKernel
  api=4 insize=34758 outsize=34501 ok=1
Cmd: compileComputeKernel
  api=4 insize=13916 outsize=2265 ok=1
Cmd: compileComputeKernel
  api=4 insize=16866 outsize=5113 ok=1
Cmd: compileComputeKernel
  api=4 insize=16866 outsize=5617 ok=1
Cmd: compileComputeKernel
  api=4 insize=16866 outsize=6501 ok=1
Cmd: compileComputeKernel
  api=4 insize=16866 outsize=9453 ok=1
Cmd: compileComputeKernel
  api=4 insize=16866 outsize=6565 ok=1
Cmd: compileComputeKernel
  api=4 insize=16866 outsize=7957 ok=1
Cmd: compileComputeKernel
  api=4 insize=16866 outsize=8077 ok=1
Cmd: compileComputeKernel
  api=4 insize=16866 outsize=9941 ok=1
Cmd: compileComputeKernel
  api=4 insize=16866 outsize=10245 ok=1
Unhandled exception: Protocol error - unexpected end of data (did the Editor crash?)

Quitting shader compiler process
